INFO: [SIM 2] *************** CSIM start ***************
INFO: [SIM 4] CSIM will launch GCC as the compiler.
   Compiling ../../../../../bfs_test.cpp in debug mode
   Generating csim.exe
1 1 1 2 2 2 2 2 3 3 3 3 3 4 4 4 5 5 5 5 6 6 6 6 6 7 7 7 7 7 8 8 8 
9 9 9 10 10 10 10 10 11 11 11 11 12 12 12 12 13 13 13 13 13 14 14 14 14 14 15 15 15 15 3 4 12 

10 13 15 5 6 9 11 14 6 7 10 12 8 52 57 62 33 
3 2 -10 1 3 2 3 -8 1 3 2 -4 44 5 5 -29 
 BFS traversal is
12
11
13
14
15
3
4
5
10
6
9
7
8
0
0
INFO: [SIM 1] CSim done with 0 errors.
INFO: [SIM 3] *************** CSIM finish ***************
