

================================================================
== Synthesis Summary Report of 'shortest'
================================================================
+ General Information: 
    * Date:           Wed May  7 22:08:58 2025
    * Version:        2022.1 (Build 3526262 on Mon Apr 18 15:47:01 MDT 2022)
    * Project:        cpsc520-bfs-unpartitioned-hls
    * Solution:       solution1 (Vivado IP Flow Target)
    * Product family: zynquplus
    * Target device:  xczu7ev-ffvc1156-2-e
    

+ Performance & Resource Estimates: 
    
    PS: '+' for module; 'o' for loop; '*' for dataflow
    +------------------------+------+------+---------+--------+----------+---------+------+----------+------+----+------------+-----------+-----+
    |         Modules        | Issue|      | Latency | Latency| Iteration|         | Trip |          |      |    |            |           |     |
    |         & Loops        | Type | Slack| (cycles)|  (ns)  |  Latency | Interval| Count| Pipelined| BRAM | DSP|     FF     |    LUT    | URAM|
    +------------------------+------+------+---------+--------+----------+---------+------+----------+------+----+------------+-----------+-----+
    |+ shortest              |     -|  0.00|        -|       -|         -|        -|     -|        no|     -|   -|  2951 (~0%)|  4299 (1%)|    -|
    | o bfs_loop             |     -|  7.30|        -|       -|         -|        -|     -|        no|     -|   -|           -|          -|    -|
    |  o traverse_neighbors  |     -|  7.30|        -|       -|        20|        -|     -|        no|     -|   -|           -|          -|    -|
    +------------------------+------+------+---------+--------+----------+---------+------+----------+------+----+------------+-----------+-----+


================================================================
== HW Interfaces
================================================================
* M_AXI
+----------------+------------+---------------+---------+--------+----------+-----------+--------------+--------------+-------------+-------------+
| Interface      | Data Width | Address Width | Latency | Offset | Register | Max Widen | Max Read     | Max Write    | Num Read    | Num Write   |
|                | (SW->HW)   |               |         |        |          | Bitwidth  | Burst Length | Burst Length | Outstanding | Outstanding |
+----------------+------------+---------------+---------+--------+----------+-----------+--------------+--------------+-------------+-------------+
| m_axi_input_r  | 32 -> 32   | 64            | 0       | slave  | 0        | 0         | 16           | 16           | 16          | 16          |
| m_axi_output_r | 32 -> 32   | 64            | 0       | slave  | 0        | 0         | 16           | 16           | 16          | 16          |
+----------------+------------+---------------+---------+--------+----------+-----------+--------------+--------------+-------------+-------------+

* S_AXILITE Interfaces
+---------------+------------+---------------+--------+----------+
| Interface     | Data Width | Address Width | Offset | Register |
+---------------+------------+---------------+--------+----------+
| s_axi_control | 32         | 6             | 16     | 0        |
| s_axi_sqrt    | 32         | 5             | 16     | 0        |
+---------------+------------+---------------+--------+----------+

* S_AXILITE Registers
+---------------+------------------+--------+-------+--------+-------------------------------+
| Interface     | Register         | Offset | Width | Access | Description                   |
+---------------+------------------+--------+-------+--------+-------------------------------+
| s_axi_control | column_indices_1 | 0x10   | 32    | W      | Data signal of column_indices |
| s_axi_control | column_indices_2 | 0x14   | 32    | W      | Data signal of column_indices |
| s_axi_control | row_offsets_1    | 0x1c   | 32    | W      | Data signal of row_offsets    |
| s_axi_control | row_offsets_2    | 0x20   | 32    | W      | Data signal of row_offsets    |
| s_axi_control | visited_1        | 0x28   | 32    | W      | Data signal of visited        |
| s_axi_control | visited_2        | 0x2c   | 32    | W      | Data signal of visited        |
| s_axi_control | queue_1          | 0x34   | 32    | W      | Data signal of queue          |
| s_axi_control | queue_2          | 0x38   | 32    | W      | Data signal of queue          |
| s_axi_sqrt    | src              | 0x10   | 32    | W      | Data signal of src            |
+---------------+------------------+--------+-------+--------+-------------------------------+

* TOP LEVEL CONTROL
+-----------+------------+-----------------------------------+
| Interface | Type       | Ports                             |
+-----------+------------+-----------------------------------+
| ap_clk    | clock      | ap_clk                            |
| ap_rst_n  | reset      | ap_rst_n                          |
| ap_ctrl   | ap_ctrl_hs | ap_done ap_idle ap_ready ap_start |
+-----------+------------+-----------------------------------+


================================================================
== SW I/O Information
================================================================
* Top Function Arguments
+----------------+-----------+----------+
| Argument       | Direction | Datatype |
+----------------+-----------+----------+
| column_indices | in        | int*     |
| row_offsets    | in        | int*     |
| visited        | inout     | int*     |
| queue          | inout     | int*     |
| src            | in        | int      |
+----------------+-----------+----------+

* SW-to-HW Mapping
+----------------+----------------+-----------+----------+--------------------------------------------+
| Argument       | HW Interface   | HW Type   | HW Usage | HW Info                                    |
+----------------+----------------+-----------+----------+--------------------------------------------+
| column_indices | m_axi_input_r  | interface |          |                                            |
| column_indices | s_axi_control  | register  | offset   | name=column_indices_1 offset=0x10 range=32 |
| column_indices | s_axi_control  | register  | offset   | name=column_indices_2 offset=0x14 range=32 |
| row_offsets    | m_axi_input_r  | interface |          |                                            |
| row_offsets    | s_axi_control  | register  | offset   | name=row_offsets_1 offset=0x1c range=32    |
| row_offsets    | s_axi_control  | register  | offset   | name=row_offsets_2 offset=0x20 range=32    |
| visited        | m_axi_output_r | interface |          |                                            |
| visited        | s_axi_control  | register  | offset   | name=visited_1 offset=0x28 range=32        |
| visited        | s_axi_control  | register  | offset   | name=visited_2 offset=0x2c range=32        |
| queue          | m_axi_output_r | interface |          |                                            |
| queue          | s_axi_control  | register  | offset   | name=queue_1 offset=0x34 range=32          |
| queue          | s_axi_control  | register  | offset   | name=queue_2 offset=0x38 range=32          |
| src            | s_axi_sqrt     | register  |          | name=src offset=0x10 range=32              |
+----------------+----------------+-----------+----------+--------------------------------------------+


================================================================
== M_AXI Burst Information
================================================================
 Note: All burst requests might be further partitioned into multiple requests during RTL generation based on max_read_burst_length or max_write_burst_length settings.

* Inferred Burst Summary
+---------------+--------------------+-----------+----------+-------+-------------------------+
| HW Interface  | Loop               | Direction | Length   | Width | Location                |
+---------------+--------------------+-----------+----------+-------+-------------------------+
| m_axi_input_r |                    | read      | 2        | 32    | ../bfs_kernel.cpp:33:22 |
| m_axi_input_r | traverse_neighbors | read      | variable | 32    | ../bfs_kernel.cpp:36:29 |
+---------------+--------------------+-----------+----------+-------+-------------------------+

* Inferred Bursts and Widening Missed
+--------------+----------------+--------------------+-------------------------------------------------------------------------------------------------------+------------+-------------------------+
| HW Interface | Variable       | Loop               | Problem                                                                                               | Resolution | Location                |
+--------------+----------------+--------------------+-------------------------------------------------------------------------------------------------------+------------+-------------------------+
| m_axi_output | visited        | traverse_neighbors | Could not analyze pattern                                                                             | 214-229    | ../bfs_kernel.cpp:36:29 |
| m_axi_output | queue          | traverse_neighbors | Access store is in the conditional branch                                                             | 214-232    | ../bfs_kernel.cpp:36:29 |
| m_axi_output | visited        | traverse_neighbors | Access store is in the conditional branch                                                             | 214-232    | ../bfs_kernel.cpp:36:29 |
| m_axi_output | queue          |                    | Access is clobbered by store                                                                          | 214-231    | ../bfs_kernel.cpp:30:17 |
| m_axi_input  | row_offsets    | bfs_loop           | Could not analyze pattern                                                                             | 214-229    | ../bfs_kernel.cpp:27:15 |
| m_axi_input  | column_indices | bfs_loop           | Access call is in the conditional branch                                                              | 214-232    | ../bfs_kernel.cpp:27:15 |
| m_axi_output | visited        | bfs_loop           | Could not analyze pattern                                                                             | 214-229    | ../bfs_kernel.cpp:27:15 |
| m_axi_input  | column_indices | traverse_neighbors | Could not widen since type i32 size is greater than or equal to the max_widen_bitwidth threshold of 0 | 214-353    | ../bfs_kernel.cpp:36:29 |
| m_axi_input  | row_offsets    |                    | Could not widen since type i32 size is greater than or equal to the max_widen_bitwidth threshold of 0 | 214-353    | ../bfs_kernel.cpp:33:22 |
+--------------+----------------+--------------------+-------------------------------------------------------------------------------------------------------+------------+-------------------------+

    * Resolution URL: www.xilinx.com/cgi-bin/docs/rdoc?v=2022.1;t=hls+guidance;d=XXX-YYY.html (replace XXX-YYY with column value)

================================================================
== Bind Op Report
================================================================
+------------------------+-----+--------+------------+-----+--------+---------+
| Name                   | DSP | Pragma | Variable   | Op  | Impl   | Latency |
+------------------------+-----+--------+------------+-----+--------+---------+
| + shortest             | 0   |        |            |     |        |         |
|   add_ln27_fu_308_p2   | -   |        | add_ln27   | add | fabric | 0       |
|   add_ln30_fu_326_p2   | -   |        | add_ln30   | add | fabric | 0       |
|   add_ln31_fu_362_p2   | -   |        | add_ln31   | add | fabric | 0       |
|   add_ln33_fu_387_p2   | -   |        | add_ln33   | add | fabric | 0       |
|   sub_ln36_fu_416_p2   | -   |        | sub_ln36   | sub | fabric | 0       |
|   add_ln36_fu_431_p2   | -   |        | add_ln36   | add | fabric | 0       |
|   add_ln40_fu_482_p2   | -   |        | add_ln40   | add | fabric | 0       |
|   front_1_fu_515_p2    | -   |        | front_1    | add | fabric | 0       |
|   add_ln43_fu_533_p2   | -   |        | add_ln43   | add | fabric | 0       |
|   add_ln36_1_fu_563_p2 | -   |        | add_ln36_1 | add | fabric | 0       |
+------------------------+-----+--------+------------+-----+--------+---------+


================================================================
== Bind Storage Report
================================================================
  No bind storage info in design

================================================================
== Pragma Report
================================================================
* Valid Pragma Syntax
+-----------+-----------------------------------------------------------------+--------------------------------------------------+
| Type      | Options                                                         | Location                                         |
+-----------+-----------------------------------------------------------------+--------------------------------------------------+
| interface | m_axi depth=27444 port=column_indices offset=slave bundle=input | ../bfs_kernel.cpp:9 in shortest, column_indices  |
| interface | m_axi depth=4721 port=visited offset=slave bundle=output        | ../bfs_kernel.cpp:10 in shortest, visited        |
| interface | m_axi depth=4721 port=queue offset=slave bundle=output          | ../bfs_kernel.cpp:11 in shortest, queue          |
| interface | m_axi depth=4722 port=row_offsets offset=slave bundle=input     | ../bfs_kernel.cpp:12 in shortest, row_offsets    |
| interface | s_axilite port=column_indices                                   | ../bfs_kernel.cpp:14 in shortest, column_indices |
| interface | s_axilite port=row_offsets                                      | ../bfs_kernel.cpp:15 in shortest, row_offsets    |
| interface | s_axilite port=visited                                          | ../bfs_kernel.cpp:16 in shortest, visited        |
| interface | s_axilite port=queue                                            | ../bfs_kernel.cpp:17 in shortest, queue          |
| interface | s_axilite port=src bundle=sqrt                                  | ../bfs_kernel.cpp:18 in shortest, src            |
| interface | ap_ctrl_hs port=return                                          | ../bfs_kernel.cpp:19 in shortest, return         |
| pipeline  |                                                                 | ../bfs_kernel.cpp:29 in shortest                 |
+-----------+-----------------------------------------------------------------+--------------------------------------------------+


